2024-09-21T02:31:55+00:00 DEBUG 
[CheckData][sd_change_calculated_total] total: 3633

2024-09-21T02:31:55+00:00 DEBUG 
[CheckData][sd_change_calculated_total] total aft: 3633

2024-09-21T02:33:01+00:00 DEBUG 
[CheckData][sd_change_calculated_total] total: 3633

2024-09-21T02:33:01+00:00 DEBUG 
[CheckData][sd_change_calculated_total] total aft: 3633

2024-09-21T02:33:06+00:00 DEBUG 
[CheckData][sd_change_calculated_total] total: 3633

2024-09-21T02:33:06+00:00 DEBUG 
[CheckData][sd_change_calculated_total] total aft: 3633

2024-09-21T02:34:23+00:00 DEBUG 
[CheckData][sd_change_calculated_total] total: 3633

2024-09-21T02:34:23+00:00 DEBUG 
[CheckData][sd_change_calculated_total] total aft: 3633

2024-09-21T02:39:31+00:00 DEBUG 
[CheckData][sd_change_calculated_total] total: 3633

2024-09-21T02:39:31+00:00 DEBUG 
[CheckData][sd_change_calculated_total] total aft: 3633

2024-09-21T02:40:13+00:00 DEBUG 
[CheckData][sd_change_calculated_total] total: 3633

2024-09-21T02:40:13+00:00 DEBUG 
[CheckData][sd_change_calculated_total] total aft: 3633

2024-09-21T02:57:34+00:00 DEBUG 
[CheckData][sd_change_calculated_total] total: 3633

2024-09-21T02:57:34+00:00 DEBUG 
[CheckData][sd_change_calculated_total] total aft: 3633

2024-09-21T02:58:41+00:00 DEBUG 
[sd_add_meta_boxes] $post_type: page

2024-09-21T02:58:41+00:00 DEBUG 
[sd_add_meta_boxes] $screen: shop_order

2024-09-21T02:59:23+00:00 DEBUG 
[sd_add_meta_boxes] $post_type: page

2024-09-21T02:59:23+00:00 DEBUG 
[sd_add_meta_boxes] $screen: shop_order

2024-09-21T02:59:31+00:00 DEBUG 
[CheckData][sd_change_calculated_total] total: 3633

2024-09-21T02:59:31+00:00 DEBUG 
[CheckData][sd_change_calculated_total] total aft: 3633

2024-09-21T03:00:18+00:00 DEBUG 
[sd_add_meta_boxes] $post_type: page

2024-09-21T03:00:18+00:00 DEBUG 
[sd_add_meta_boxes] $screen: shop_order

2024-09-21T03:00:31+00:00 DEBUG 
[CheckData][sd_change_calculated_total] total: 3633

2024-09-21T03:00:31+00:00 DEBUG 
[CheckData][sd_change_calculated_total] total aft: 3633

2024-09-21T03:01:02+00:00 DEBUG 
[CheckData][sd_change_calculated_total] total: 3633

2024-09-21T03:01:02+00:00 DEBUG 
[CheckData][sd_change_calculated_total] total aft: 3633

2024-09-21T03:01:18+00:00 DEBUG 
[CheckData][sd_change_calculated_total] total: 3633

2024-09-21T03:01:18+00:00 DEBUG 
[CheckData][sd_change_calculated_total] total aft: 3633

2024-09-21T03:03:14+00:00 DEBUG 
[CheckData][sd_change_calculated_total] total: 3633

2024-09-21T03:03:14+00:00 DEBUG 
[CheckData][sd_change_calculated_total] total aft: 3633

2024-09-21T03:06:41+00:00 DEBUG 
[CheckData][sd_change_calculated_total] total: 3633

2024-09-21T03:06:41+00:00 DEBUG 
[CheckData][sd_change_calculated_total] total aft: 3633

2024-09-21T03:06:45+00:00 DEBUG 
[CheckData][sd_change_calculated_total] total: 3633

2024-09-21T03:06:45+00:00 DEBUG 
[CheckData][sd_change_calculated_total] total aft: 3633

2024-09-21T03:07:08+00:00 DEBUG 
[CheckData][sd_change_calculated_total] total: 3633

2024-09-21T03:07:08+00:00 DEBUG 
[CheckData][sd_change_calculated_total] total aft: 3633

2024-09-21T03:07:22+00:00 DEBUG 
[CheckData][sd_change_calculated_total] total: 3633

2024-09-21T03:07:22+00:00 DEBUG 
[CheckData][sd_change_calculated_total] total aft: 3633

2024-09-21T03:07:37+00:00 DEBUG 
[CheckData][sd_change_calculated_total] total: 3633

2024-09-21T03:07:37+00:00 DEBUG 
[CheckData][sd_change_calculated_total] total aft: 3633

2024-09-21T03:07:44+00:00 DEBUG 
[CheckData][sd_change_calculated_total] total: 3633

2024-09-21T03:07:44+00:00 DEBUG 
[CheckData][sd_change_calculated_total] total aft: 3633

2024-09-21T03:08:12+00:00 DEBUG 
[CheckData][sd_change_calculated_total] total: 3633

2024-09-21T03:08:12+00:00 DEBUG 
[CheckData][sd_change_calculated_total] total aft: 3633

2024-09-21T03:08:24+00:00 DEBUG 
[CheckData][sd_change_calculated_total] total: 3633

2024-09-21T03:08:24+00:00 DEBUG 
[CheckData][sd_change_calculated_total] total aft: 3633

2024-09-21T03:08:34+00:00 DEBUG 
[CheckData][sd_change_calculated_total] total: 3633

2024-09-21T03:08:34+00:00 DEBUG 
[CheckData][sd_change_calculated_total] total aft: 3633

2024-09-21T03:08:47+00:00 DEBUG 
[CheckData][sd_change_calculated_total] total: 3633

2024-09-21T03:08:47+00:00 DEBUG 
[CheckData][sd_change_calculated_total] total aft: 3633

2024-09-21T03:09:02+00:00 DEBUG 
[CheckData][sd_change_calculated_total] total: 3633

2024-09-21T03:09:02+00:00 DEBUG 
[CheckData][sd_change_calculated_total] total aft: 3633

2024-09-21T03:10:02+00:00 DEBUG 
[sd_add_meta_boxes] $post_type: page

2024-09-21T03:10:02+00:00 DEBUG 
[sd_add_meta_boxes] $screen: shop_order

2024-09-21T03:10:05+00:00 DEBUG 
[sd_add_meta_boxes] $post_type: page

2024-09-21T03:10:05+00:00 DEBUG 
[sd_add_meta_boxes] $screen: shop_order

2024-09-21T03:10:11+00:00 DEBUG 
[CheckData][sd_change_calculated_total] total: 3633

2024-09-21T03:10:11+00:00 DEBUG 
[CheckData][sd_change_calculated_total] total aft: 3633

2024-09-21T03:10:28+00:00 DEBUG 
[CheckData][sd_change_calculated_total] total: 3633

2024-09-21T03:10:28+00:00 DEBUG 
[CheckData][sd_change_calculated_total] total aft: 3633

2024-09-21T03:10:38+00:00 DEBUG 
[sd_add_meta_boxes] $post_type: page

2024-09-21T03:10:38+00:00 DEBUG 
[sd_add_meta_boxes] $screen: shop_order

2024-09-21T03:56:56+00:00 DEBUG 
[sd_add_meta_boxes] $post_type: product

2024-09-21T03:56:56+00:00 DEBUG 
[sd_add_meta_boxes] $screen: shop_order

2024-09-21T03:57:14+00:00 DEBUG 
[sd_add_meta_boxes] $post_type: product

2024-09-21T03:57:14+00:00 DEBUG 
[sd_add_meta_boxes] $screen: shop_order

2024-09-21T03:57:39+00:00 DEBUG 
[sd_add_meta_boxes] $post_type: product

2024-09-21T03:57:39+00:00 DEBUG 
[sd_add_meta_boxes] $screen: shop_order

2024-09-21T03:58:39+00:00 DEBUG 
[CheckData][sd_change_calculated_total] total: 3633

2024-09-21T03:58:39+00:00 DEBUG 
[CheckData][sd_change_calculated_total] total aft: 3633

2024-09-21T03:58:59+00:00 DEBUG 
[sd_add_meta_boxes] $post_type: product

2024-09-21T03:58:59+00:00 DEBUG 
[sd_add_meta_boxes] $screen: shop_order

2024-09-21T03:59:03+00:00 DEBUG 
[CheckData][sd_change_calculated_total] total: 3633

2024-09-21T03:59:03+00:00 DEBUG 
[CheckData][sd_change_calculated_total] total aft: 3633

2024-09-21T03:59:16+00:00 DEBUG 
[CheckData][sd_change_calculated_total] total: 3633

2024-09-21T03:59:16+00:00 DEBUG 
[CheckData][sd_change_calculated_total] total aft: 3633

2024-09-21T04:00:28+00:00 DEBUG 
[sd_add_meta_boxes] $post_type: product

2024-09-21T04:00:28+00:00 DEBUG 
[sd_add_meta_boxes] $screen: shop_order

2024-09-21T04:00:28+00:00 DEBUG 
[CheckData][sd_change_calculated_total] total: 3633

2024-09-21T04:00:28+00:00 DEBUG 
[CheckData][sd_change_calculated_total] total aft: 3633

2024-09-21T04:03:36+00:00 DEBUG 
[CheckData][sd_change_calculated_total] total: 3633

2024-09-21T04:03:36+00:00 DEBUG 
[CheckData][sd_change_calculated_total] total aft: 3633

2024-09-21T04:03:59+00:00 DEBUG 
[CheckData][sd_change_calculated_total] total: 3633

2024-09-21T04:03:59+00:00 DEBUG 
[CheckData][sd_change_calculated_total] total aft: 3633

2024-09-21T04:04:18+00:00 DEBUG 
[CheckData][sd_change_calculated_total] total: 3633

2024-09-21T04:04:18+00:00 DEBUG 
[CheckData][sd_change_calculated_total] total aft: 3633

2024-09-21T04:04:42+00:00 DEBUG 
[CheckData][sd_change_calculated_total] total: 3633

2024-09-21T04:04:42+00:00 DEBUG 
[CheckData][sd_change_calculated_total] total aft: 3633

